<?xml version="1.0" encoding="UTF-8"?>
<testsuite xmlns:xsi="http://www.w3.org/2001/XMLSchema-instance" xsi:noNamespaceSchemaLocation="https://maven.apache.org/surefire/maven-surefire-plugin/xsd/surefire-test-report-3.0.xsd" version="3.0" name="backend.RecordTest" time="0.082" tests="2" errors="0" skipped="0" failures="0">
  <properties>
    <property name="java.specification.version" value="14"/>
    <property name="sun.management.compiler" value="HotSpot 64-Bit Tiered Compilers"/>
    <property name="sun.jnu.encoding" value="UTF-8"/>
    <property name="java.runtime.version" value="14.0.2+12-Ubuntu-120.04"/>
    <property name="java.class.path" value="/mnt/c/Users/bedes/IdeaProjects/SENG202-Project/target/test-classes:/mnt/c/Users/bedes/IdeaProjects/SENG202-Project/target/classes:/home/bedesv/.m2/repository/junit/junit/4.13.2/junit-4.13.2.jar:/home/bedesv/.m2/repository/org/hamcrest/hamcrest-core/1.3/hamcrest-core-1.3.jar:/home/bedesv/.m2/repository/tech/tablesaw/tablesaw-core/0.38.3/tablesaw-core-0.38.3.jar:/home/bedesv/.m2/repository/com/google/guava/guava/30.0-jre/guava-30.0-jre.jar:/home/bedesv/.m2/repository/com/google/guava/failureaccess/1.0.1/failureaccess-1.0.1.jar:/home/bedesv/.m2/repository/com/google/guava/listenablefuture/9999.0-empty-to-avoid-conflict-with-guava/listenablefuture-9999.0-empty-to-avoid-conflict-with-guava.jar:/home/bedesv/.m2/repository/com/google/code/findbugs/jsr305/3.0.2/jsr305-3.0.2.jar:/home/bedesv/.m2/repository/org/checkerframework/checker-qual/3.5.0/checker-qual-3.5.0.jar:/home/bedesv/.m2/repository/com/google/errorprone/error_prone_annotations/2.3.4/error_prone_annotations-2.3.4.jar:/home/bedesv/.m2/repository/com/google/j2objc/j2objc-annotations/1.3/j2objc-annotations-1.3.jar:/home/bedesv/.m2/repository/org/apache/commons/commons-math3/3.6.1/commons-math3-3.6.1.jar:/home/bedesv/.m2/repository/it/unimi/dsi/fastutil/8.3.0/fastutil-8.3.0.jar:/home/bedesv/.m2/repository/org/roaringbitmap/RoaringBitmap/0.8.12/RoaringBitmap-0.8.12.jar:/home/bedesv/.m2/repository/org/roaringbitmap/shims/0.8.12/shims-0.8.12.jar:/home/bedesv/.m2/repository/com/univocity/univocity-parsers/2.8.4/univocity-parsers-2.8.4.jar:/home/bedesv/.m2/repository/com/ibm/icu/icu4j/65.1/icu4j-65.1.jar:/home/bedesv/.m2/repository/io/github/classgraph/classgraph/4.8.60/classgraph-4.8.60.jar:/home/bedesv/.m2/repository/org/slf4j/slf4j-api/1.7.30/slf4j-api-1.7.30.jar:/home/bedesv/.m2/repository/org/xerial/sqlite-jdbc/3.36.0.1/sqlite-jdbc-3.36.0.1.jar:/home/bedesv/.m2/repository/com/google/code/gson/gson/2.8.7/gson-2.8.7.jar:/home/bedesv/.m2/repository/org/junit/jupiter/junit-jupiter/5.7.2/junit-jupiter-5.7.2.jar:/home/bedesv/.m2/repository/org/junit/jupiter/junit-jupiter-api/5.7.2/junit-jupiter-api-5.7.2.jar:/home/bedesv/.m2/repository/org/apiguardian/apiguardian-api/1.1.0/apiguardian-api-1.1.0.jar:/home/bedesv/.m2/repository/org/opentest4j/opentest4j/1.2.0/opentest4j-1.2.0.jar:/home/bedesv/.m2/repository/org/junit/platform/junit-platform-commons/1.7.2/junit-platform-commons-1.7.2.jar:/home/bedesv/.m2/repository/org/junit/jupiter/junit-jupiter-params/5.7.2/junit-jupiter-params-5.7.2.jar:/home/bedesv/.m2/repository/org/junit/jupiter/junit-jupiter-engine/5.7.2/junit-jupiter-engine-5.7.2.jar:/home/bedesv/.m2/repository/org/junit/platform/junit-platform-engine/1.7.2/junit-platform-engine-1.7.2.jar:"/>
    <property name="user.name" value="bedesv"/>
    <property name="java.vm.vendor" value="Private Build"/>
    <property name="path.separator" value=":"/>
    <property name="sun.arch.data.model" value="64"/>
    <property name="os.version" value="5.4.72-microsoft-standard-WSL2"/>
    <property name="java.runtime.name" value="OpenJDK Runtime Environment"/>
    <property name="file.encoding" value="UTF-8"/>
    <property name="java.vendor.url" value="Unknown"/>
    <property name="java.vm.name" value="OpenJDK 64-Bit Server VM"/>
    <property name="java.vm.specification.version" value="14"/>
    <property name="os.name" value="Linux"/>
    <property name="sun.java.launcher" value="SUN_STANDARD"/>
    <property name="localRepository" value="/home/bedesv/.m2/repository"/>
    <property name="sun.boot.library.path" value="/usr/lib/jvm/java-14-openjdk-amd64/lib"/>
    <property name="sun.java.command" value="/mnt/c/Users/bedes/IdeaProjects/SENG202-Project/target/surefire/surefirebooter17696156766829364907.jar /mnt/c/Users/bedes/IdeaProjects/SENG202-Project/target/surefire 2021-08-17T10-46-27_707-jvmRun1 surefire10564973970299888080tmp surefire_04492244914212340575tmp"/>
    <property name="java.vendor.url.bug" value="Unknown"/>
    <property name="java.io.tmpdir" value="/tmp"/>
    <property name="jdk.debug" value="release"/>
    <property name="surefire.test.class.path" value="/mnt/c/Users/bedes/IdeaProjects/SENG202-Project/target/test-classes:/mnt/c/Users/bedes/IdeaProjects/SENG202-Project/target/classes:/home/bedesv/.m2/repository/junit/junit/4.13.2/junit-4.13.2.jar:/home/bedesv/.m2/repository/org/hamcrest/hamcrest-core/1.3/hamcrest-core-1.3.jar:/home/bedesv/.m2/repository/tech/tablesaw/tablesaw-core/0.38.3/tablesaw-core-0.38.3.jar:/home/bedesv/.m2/repository/com/google/guava/guava/30.0-jre/guava-30.0-jre.jar:/home/bedesv/.m2/repository/com/google/guava/failureaccess/1.0.1/failureaccess-1.0.1.jar:/home/bedesv/.m2/repository/com/google/guava/listenablefuture/9999.0-empty-to-avoid-conflict-with-guava/listenablefuture-9999.0-empty-to-avoid-conflict-with-guava.jar:/home/bedesv/.m2/repository/com/google/code/findbugs/jsr305/3.0.2/jsr305-3.0.2.jar:/home/bedesv/.m2/repository/org/checkerframework/checker-qual/3.5.0/checker-qual-3.5.0.jar:/home/bedesv/.m2/repository/com/google/errorprone/error_prone_annotations/2.3.4/error_prone_annotations-2.3.4.jar:/home/bedesv/.m2/repository/com/google/j2objc/j2objc-annotations/1.3/j2objc-annotations-1.3.jar:/home/bedesv/.m2/repository/org/apache/commons/commons-math3/3.6.1/commons-math3-3.6.1.jar:/home/bedesv/.m2/repository/it/unimi/dsi/fastutil/8.3.0/fastutil-8.3.0.jar:/home/bedesv/.m2/repository/org/roaringbitmap/RoaringBitmap/0.8.12/RoaringBitmap-0.8.12.jar:/home/bedesv/.m2/repository/org/roaringbitmap/shims/0.8.12/shims-0.8.12.jar:/home/bedesv/.m2/repository/com/univocity/univocity-parsers/2.8.4/univocity-parsers-2.8.4.jar:/home/bedesv/.m2/repository/com/ibm/icu/icu4j/65.1/icu4j-65.1.jar:/home/bedesv/.m2/repository/io/github/classgraph/classgraph/4.8.60/classgraph-4.8.60.jar:/home/bedesv/.m2/repository/org/slf4j/slf4j-api/1.7.30/slf4j-api-1.7.30.jar:/home/bedesv/.m2/repository/org/xerial/sqlite-jdbc/3.36.0.1/sqlite-jdbc-3.36.0.1.jar:/home/bedesv/.m2/repository/com/google/code/gson/gson/2.8.7/gson-2.8.7.jar:/home/bedesv/.m2/repository/org/junit/jupiter/junit-jupiter/5.7.2/junit-jupiter-5.7.2.jar:/home/bedesv/.m2/repository/org/junit/jupiter/junit-jupiter-api/5.7.2/junit-jupiter-api-5.7.2.jar:/home/bedesv/.m2/repository/org/apiguardian/apiguardian-api/1.1.0/apiguardian-api-1.1.0.jar:/home/bedesv/.m2/repository/org/opentest4j/opentest4j/1.2.0/opentest4j-1.2.0.jar:/home/bedesv/.m2/repository/org/junit/platform/junit-platform-commons/1.7.2/junit-platform-commons-1.7.2.jar:/home/bedesv/.m2/repository/org/junit/jupiter/junit-jupiter-params/5.7.2/junit-jupiter-params-5.7.2.jar:/home/bedesv/.m2/repository/org/junit/jupiter/junit-jupiter-engine/5.7.2/junit-jupiter-engine-5.7.2.jar:/home/bedesv/.m2/repository/org/junit/platform/junit-platform-engine/1.7.2/junit-platform-engine-1.7.2.jar:"/>
    <property name="sun.cpu.endian" value="little"/>
    <property name="java.version" value="14.0.2"/>
    <property name="user.home" value="/home/bedesv"/>
    <property name="user.dir" value="/mnt/c/Users/bedes/IdeaProjects/SENG202-Project"/>
    <property name="os.arch" value="amd64"/>
    <property name="user.language" value="en"/>
    <property name="java.specification.vendor" value="Oracle Corporation"/>
    <property name="java.vm.specification.name" value="Java Virtual Machine Specification"/>
    <property name="java.version.date" value="2020-07-14"/>
    <property name="java.home" value="/usr/lib/jvm/java-14-openjdk-amd64"/>
    <property name="file.separator" value="/"/>
    <property name="basedir" value="/mnt/c/Users/bedes/IdeaProjects/SENG202-Project"/>
    <property name="java.vm.compressedOopsMode" value="32-bit"/>
    <property name="line.separator" value="&#10;"/>
    <property name="java.library.path" value="/usr/java/packages/lib:/usr/lib/x86_64-linux-gnu/jni:/lib/x86_64-linux-gnu:/usr/lib/x86_64-linux-gnu:/usr/lib/jni:/lib:/usr/lib"/>
    <property name="java.vm.info" value="mixed mode, sharing"/>
    <property name="java.vm.specification.vendor" value="Oracle Corporation"/>
    <property name="java.specification.name" value="Java Platform API Specification"/>
    <property name="java.vendor" value="Private Build"/>
    <property name="java.vm.version" value="14.0.2+12-Ubuntu-120.04"/>
    <property name="sun.io.unicode.encoding" value="UnicodeLittle"/>
    <property name="java.class.version" value="58.0"/>
    <property name="surefire.real.class.path" value="/mnt/c/Users/bedes/IdeaProjects/SENG202-Project/target/surefire/surefirebooter17696156766829364907.jar"/>
  </properties>
  <testcase name="nullLocationTest" classname="backend.RecordTest" time="0.058"/>
  <testcase name="locationTest" classname="backend.RecordTest" time="0.019"/>
</testsuite>